c:\users\ana\documents\visual studio 2015\projects\csvproject\csvproject\debug\csvproject.pch
c:\users\ana\documents\visual studio 2015\projects\csvproject\csvproject\debug\vc140.pdb
c:\users\ana\documents\visual studio 2015\projects\csvproject\csvproject\debug\vc140.idb
c:\users\ana\documents\visual studio 2015\projects\csvproject\csvproject\debug\stdafx.obj
c:\users\ana\documents\visual studio 2015\projects\csvproject\csvproject\debug\csvproject.obj
c:\users\ana\documents\visual studio 2015\projects\csvproject\csvproject\debug\csvstream.obj
c:\users\ana\documents\visual studio 2015\projects\csvproject\csvproject\debug\ctokenstream.obj
c:\users\ana\documents\visual studio 2015\projects\csvproject\csvproject\debug\main.obj
c:\users\ana\documents\visual studio 2015\projects\csvproject\debug\csvproject.ilk
c:\users\ana\documents\visual studio 2015\projects\csvproject\debug\csvproject.exe
c:\users\ana\documents\visual studio 2015\projects\csvproject\debug\csvproject.pdb
c:\users\ana\documents\visual studio 2015\projects\csvproject\csvproject\debug\csvproject.tlog\cl.command.1.tlog
c:\users\ana\documents\visual studio 2015\projects\csvproject\csvproject\debug\csvproject.tlog\cl.read.1.tlog
c:\users\ana\documents\visual studio 2015\projects\csvproject\csvproject\debug\csvproject.tlog\cl.write.1.tlog
c:\users\ana\documents\visual studio 2015\projects\csvproject\csvproject\debug\csvproject.tlog\link-cvtres.read.1.tlog
c:\users\ana\documents\visual studio 2015\projects\csvproject\csvproject\debug\csvproject.tlog\link-cvtres.write.1.tlog
c:\users\ana\documents\visual studio 2015\projects\csvproject\csvproject\debug\csvproject.tlog\link-rc.read.1.tlog
c:\users\ana\documents\visual studio 2015\projects\csvproject\csvproject\debug\csvproject.tlog\link-rc.write.1.tlog
c:\users\ana\documents\visual studio 2015\projects\csvproject\csvproject\debug\csvproject.tlog\link.command.1.tlog
c:\users\ana\documents\visual studio 2015\projects\csvproject\csvproject\debug\csvproject.tlog\link.read.1.tlog
c:\users\ana\documents\visual studio 2015\projects\csvproject\csvproject\debug\csvproject.tlog\link.write.1.tlog
